<?xml version="1.0" encoding="UTF-8"?>
<!-- Generated by org.testng.reporters.JUnitXMLReporter -->
<testsuite hostname="PRSPTP48P" failures="1" tests="1" name="GetActorStatus" time="4.809" errors="0" timestamp="24 Jun 2021 02:41:42 GMT">
  <testcase classname="testcases.ClassTest" name="ScenarioComplet" time="4.794">
    <failure type="java.lang.AssertionError">
      <![CDATA[java.lang.AssertionError
	at testcases.ClassTest.SharedFile(ClassTest.java:68)
	at testcases.ClassTest.ScenarioComplet(ClassTest.java:80)
... Removed 28 stack frames]]>
    </failure>
  </testcase> <!-- ScenarioComplet -->
</testsuite> <!-- GetActorStatus -->
