<?xml version="1.0" encoding="UTF-8"?>
<testsuite xmlns:xsi="http://www.w3.org/2001/XMLSchema-instance" xsi:noNamespaceSchemaLocation="https://maven.apache.org/surefire/maven-surefire-plugin/xsd/surefire-test-report-3.0.xsd" version="3.0" name="TestSuite" time="5.373" tests="1" errors="0" skipped="0" failures="1">
  <properties>
[...]
</properties>
  <testcase name="ScenarioComplet" classname="testcases.ClassTest" time="4.811">
    <failure type="java.lang.AssertionError"><![CDATA[java.lang.AssertionError
	at testcases.ClassTest.SharedFile(ClassTest.java:68)
	at testcases.ClassTest.ScenarioComplet(ClassTest.java:80)
]]></failure>
    <system-out><![CDATA[WebService
HTTP/1.1 200 OK
X-GUploader-UploadID: ABg5-UwjH9LuuhQCEP65f4Pvedqazby3t7rwKjPYc1x274aBJsm2BEnpyvDlUyfxVCoVEgMfovGGCnkFT-ZKs_1eiq96omj0ug
Vary: Origin
Vary: X-Origin
Content-Type: application/json; charset=UTF-8
Cache-Control: no-cache, no-store, max-age=0, must-revalidate
Pragma: no-cache
Expires: Mon, 01 Jan 1990 00:00:00 GMT
Date: Thu, 24 Jun 2021 02:41:39 GMT
Content-Length: 124
Server: UploadServer
Alt-Svc: h3=":443"; ma=2592000,h3-29=":443"; ma=2592000,h3-T051=":443"; ma=2592000,h3-Q050=":443"; ma=2592000,h3-Q046=":443"; ma=2592000,h3-Q043=":443"; ma=2592000,quic=":443"; ma=2592000; v="46,43"

{
    "kind": "drive#file",
    "id": "11pOOZN5uif4L1mW9KE931pZRZYWQN1nc",
    "name": "Untitled",
    "mimeType": "application/json"
}
11pOOZN5uif4L1mW9KE931pZRZYWQN1nc
HTTP/1.1 200 OK
Cache-Control: no-cache, no-store, max-age=0, must-revalidate
Pragma: no-cache
Expires: Mon, 01 Jan 1990 00:00:00 GMT
Date: Thu, 24 Jun 2021 02:41:41 GMT
Vary: Origin
Vary: X-Origin
Content-Type: application/json; charset=UTF-8
Content-Encoding: gzip
X-Content-Type-Options: nosniff
X-Frame-Options: SAMEORIGIN
Content-Security-Policy: frame-ancestors 'self'
X-XSS-Protection: 1; mode=block
Server: GSE
Alt-Svc: h3=":443"; ma=2592000,h3-29=":443"; ma=2592000,h3-T051=":443"; ma=2592000,h3-Q050=":443"; ma=2592000,h3-Q046=":443"; ma=2592000,h3-Q043=":443"; ma=2592000,quic=":443"; ma=2592000; v="46,43"
Transfer-Encoding: chunked

{
    "kind": "drive#permission",
    "id": "02497268808381191083",
    "type": "user",
    "role": "writer"
}
02497268808381191083
{"parents":{"id":"11pOOZN5uif4L1mW9KE931pZRZYWQN1nc"}}
HTTP/1.1 200 OK
X-GUploader-UploadID: ABg5-UwEjC4Y0vPjh6u9FfGiadUwz1fOVtO5DMEyyQio62_-DTTueEB--w6nmYiIdHATFJnZ1-cdIxnPphEeA7pKOw
Vary: Origin
Vary: X-Origin
Content-Type: application/json; charset=UTF-8
Cache-Control: no-cache, no-store, max-age=0, must-revalidate
Pragma: no-cache
Expires: Mon, 01 Jan 1990 00:00:00 GMT
Date: Thu, 24 Jun 2021 02:41:42 GMT
Content-Length: 124
Server: UploadServer
Alt-Svc: h3=":443"; ma=2592000,h3-29=":443"; ma=2592000,h3-T051=":443"; ma=2592000,h3-Q050=":443"; ma=2592000,h3-Q046=":443"; ma=2592000,h3-Q043=":443"; ma=2592000,quic=":443"; ma=2592000; v="46,43"

{
    "kind": "drive#file",
    "id": "1dj0v5b4mI2uCOL7QrbtPyQkGHZ0rOkih",
    "name": "Untitled",
    "mimeType": "application/json"
}
HTTP/1.0 400 Bad Request
Content-Type: text/html; charset=UTF-8
Referrer-Policy: no-referrer
Content-Length: 1555
Date: Thu, 24 Jun 2021 02:41:42 GMT

<html lang="en">
  <head>
    <meta charset="utf-8"/>
    <meta name="viewport" content="initial-scale=1, minimum-scale=1, width=device-width"/>
    <title>Error 400 (Bad Request)!!1</title>
    <style>
    *{margin:0;padding:0}html,code{font:15px/22px arial,sans-serif}html{background:#fff;color:#222;padding:15px}body{margin:7% auto 0;max-width:390px;min-height:180px;padding:30px 0 15px}* &gt; body{background:url(//www.google.com/images/errors/robot.png) 100% 5px no-repeat;padding-right:205px}p{margin:11px 0 22px;overflow:hidden}ins{color:#777;text-decoration:none}a img{border:0}@media screen and (max-width:772px){body{background:none;margin-top:0;max-width:none;padding-right:0}}#logo{background:url(//www.google.com/images/branding/googlelogo/1x/googlelogo_color_150x54dp.png) no-repeat;margin-left:-5px}@media only screen and (min-resolution:192dpi){#logo{background:url(//www.google.com/images/branding/googlelogo/2x/googlelogo_color_150x54dp.png) no-repeat 0% 0%/100% 100%;-moz-border-image:url(//www.google.com/images/branding/googlelogo/2x/googlelogo_color_150x54dp.png) 0}}@media only screen and (-webkit-min-device-pixel-ratio:2){#logo{background:url(//www.google.com/images/branding/googlelogo/2x/googlelogo_color_150x54dp.png) no-repeat;-webkit-background-size:100% 100%}}#logo{display:inline-block;height:54px;width:150px}
  </style>
  </head>
  <body>
    <a shape="rect" href="//www.google.com/">
      <span id="logo" aria-label="Google"/>
    </a>
    <p>
      <b>400.</b>
      <ins>That’s an error.</ins>
    </p>
    <p>
Your client has issued a malformed or illegal request.        <ins>That’s all we know.</ins>
    </p>
  </body>
</html>
HTTP/1.1 404 Not Found
Cache-Control: no-cache, no-store, max-age=0, must-revalidate
Pragma: no-cache
Expires: Mon, 01 Jan 1990 00:00:00 GMT
Date: Thu, 24 Jun 2021 02:41:42 GMT
Vary: Origin
Vary: X-Origin
Content-Type: text/html; charset=UTF-8
Content-Encoding: gzip
X-Content-Type-Options: nosniff
X-Frame-Options: SAMEORIGIN
Content-Security-Policy: frame-ancestors 'self'
X-XSS-Protection: 1; mode=block
Server: GSE
Alt-Svc: h3=":443"; ma=2592000,h3-29=":443"; ma=2592000,h3-T051=":443"; ma=2592000,h3-Q050=":443"; ma=2592000,h3-Q046=":443"; ma=2592000,h3-Q043=":443"; ma=2592000,quic=":443"; ma=2592000; v="46,43"
Transfer-Encoding: chunked

<html>
  <body>Not Found</body>
</html>
]]></system-out>
  </testcase>
</testsuite>