-------------------------------------------------------------------------------
Test set: TestSuite
-------------------------------------------------------------------------------
Tests run: 1, Failures: 1, Errors: 0, Skipped: 0, Time elapsed: 5.373 s <<< FAILURE! - in TestSuite
testcases.ClassTest.ScenarioComplet  Time elapsed: 4.811 s  <<< FAILURE!
java.lang.AssertionError
	at testcases.ClassTest.SharedFile(ClassTest.java:68)
	at testcases.ClassTest.ScenarioComplet(ClassTest.java:80)

